[
  {
    "level": "INFO",
    "message": "android.ndkVersion from module build.gradle is 21.2.6472646"
  },
  {
    "level": "INFO",
    "message": "ndk.dir in local.properties is not set"
  },
  {
    "level": "INFO",
    "message": "ANDROID_NDK_HOME environment variable is /Users/bloom/Library/Android/sdk/ndk-bundle"
  },
  {
    "level": "INFO",
    "message": "sdkFolder is /Users/bloom/Library/Android/sdk"
  },
  {
    "level": "WARN",
    "message": "Support for ANDROID_NDK_HOME is deprecated and will be removed in the future. Use android.ndkVersion in build.gradle instead."
  },
  {
    "level": "INFO",
    "message": "Considering /Users/bloom/Library/Android/sdk/ndk-bundle by ANDROID_NDK_HOME"
  },
  {
    "level": "INFO",
    "message": "Considering /Users/bloom/Library/Android/sdk/ndk-bundle in SDK ndk-bundle folder"
  },
  {
    "level": "INFO",
    "message": "Considering /Users/bloom/Library/Android/sdk/ndk/22.0.7026061 in SDK ndk folder"
  },
  {
    "level": "INFO",
    "message": "Considering /Users/bloom/Library/Android/sdk/ndk/21.3.6528147 in SDK ndk folder"
  },
  {
    "level": "INFO",
    "message": "Considering /Users/bloom/Library/Android/sdk/ndk/21.2.6472646 in SDK ndk folder"
  },
  {
    "level": "INFO",
    "message": "Considering /Users/bloom/Library/Android/sdk/ndk/21.1.6352462 in SDK ndk folder"
  },
  {
    "level": "INFO",
    "message": "Considering /Users/bloom/Library/Android/sdk/ndk/23.0.7123448 in SDK ndk folder"
  },
  {
    "level": "INFO",
    "message": "Found requested NDK version 21.2.6472646 at /Users/bloom/Library/Android/sdk/ndk/21.2.6472646"
  }
]